#
# There is insufficient memory for the Java Runtime Environment to continue.
# Native memory allocation (malloc) failed to allocate 32744 bytes for ChunkPool::allocate
# Possible reasons:
#   The system is out of physical RAM or swap space
#   In 32 bit mode, the process size limit was hit
# Possible solutions:
#   Reduce memory load on the system
#   Increase physical memory or swap space
#   Check if swap backing store is full
#   Use 64 bit Java on a 64 bit OS
#   Decrease Java heap size (-Xmx/-Xms)
#   Decrease number of Java threads
#   Decrease Java thread stack sizes (-Xss)
#   Set larger code cache with -XX:ReservedCodeCacheSize=
# This output file may be truncated or incomplete.
#
#  Out of Memory Error (allocation.cpp:273), pid=14840, tid=0x0000000000003b8c
#
# JRE version: Java(TM) SE Runtime Environment (8.0_131-b11) (build 1.8.0_131-b11)
# Java VM: Java HotSpot(TM) 64-Bit Server VM (25.131-b11 mixed mode windows-amd64 compressed oops)
# Failed to write core dump. Minidumps are not enabled by default on client versions of Windows
#

---------------  T H R E A D  ---------------

Current thread (0x0000000002b74800):  JavaThread "main" [_thread_in_vm, id=15244, stack(0x0000000002a10000,0x0000000002b10000)]

Stack: [0x0000000002a10000,0x0000000002b10000]
[error occurred during error reporting (printing stack bounds), id 0xc0000005]

Native frames: (J=compiled Java code, j=interpreted, Vv=VM code, C=native code)

Java frames: (J=compiled Java code, j=interpreted, Vv=VM code)
J 817  java.lang.ClassLoader.defineClass1(Ljava/lang/String;[BIILjava/security/ProtectionDomain;Ljava/lang/String;)Ljava/lang/Class; (0 bytes) @ 0x0000000002f6a99f [0x0000000002f6a900+0x9f]
J 749 C1 java.lang.ClassLoader.defineClass(Ljava/lang/String;[BIILjava/security/ProtectionDomain;)Ljava/lang/Class; (43 bytes) @ 0x0000000002f4b9dc [0x0000000002f4b8e0+0xfc]
J 752 C1 java.net.URLClassLoader.defineClass(Ljava/lang/String;Lsun/misc/Resource;)Ljava/lang/Class; (142 bytes) @ 0x0000000002f4df8c [0x0000000002f4d5c0+0x9cc]
J 695 C1 java.net.URLClassLoader$1.run()Ljava/lang/Class; (63 bytes) @ 0x0000000002f356b4 [0x0000000002f35600+0xb4]
J 694 C1 java.net.URLClassLoader$1.run()Ljava/lang/Object; (5 bytes) @ 0x0000000002f352d4 [0x0000000002f352a0+0x34]
v  ~StubRoutines::call_stub
J 556  java.security.AccessController.doPrivileged(Ljava/security/PrivilegedExceptionAction;Ljava/security/AccessControlContext;)Ljava/lang/Object; (0 bytes) @ 0x0000000002ef4ae6 [0x0000000002ef4a80+0x66]
J 604 C1 java.net.URLClassLoader.findClass(Ljava/lang/String;)Ljava/lang/Class; (47 bytes) @ 0x0000000002f13534 [0x0000000002f13480+0xb4]
J 511 C1 java.lang.ClassLoader.loadClass(Ljava/lang/String;Z)Ljava/lang/Class; (122 bytes) @ 0x0000000002ee4a24 [0x0000000002ee4720+0x304]
J 590 C1 sun.misc.Launcher$AppClassLoader.loadClass(Ljava/lang/String;Z)Ljava/lang/Class; (85 bytes) @ 0x0000000002f05744 [0x0000000002f05460+0x2e4]
J 588 C1 java.lang.ClassLoader.loadClass(Ljava/lang/String;)Ljava/lang/Class; (7 bytes) @ 0x0000000002f04d64 [0x0000000002f04d20+0x44]
v  ~StubRoutines::call_stub
J 817  java.lang.ClassLoader.defineClass1(Ljava/lang/String;[BIILjava/security/ProtectionDomain;Ljava/lang/String;)Ljava/lang/Class; (0 bytes) @ 0x0000000002f6a99f [0x0000000002f6a900+0x9f]
J 749 C1 java.lang.ClassLoader.defineClass(Ljava/lang/String;[BIILjava/security/ProtectionDomain;)Ljava/lang/Class; (43 bytes) @ 0x0000000002f4b9dc [0x0000000002f4b8e0+0xfc]
J 752 C1 java.net.URLClassLoader.defineClass(Ljava/lang/String;Lsun/misc/Resource;)Ljava/lang/Class; (142 bytes) @ 0x0000000002f4df8c [0x0000000002f4d5c0+0x9cc]
J 695 C1 java.net.URLClassLoader$1.run()Ljava/lang/Class; (63 bytes) @ 0x0000000002f356b4 [0x0000000002f35600+0xb4]
J 694 C1 java.net.URLClassLoader$1.run()Ljava/lang/Object; (5 bytes) @ 0x0000000002f352d4 [0x0000000002f352a0+0x34]
v  ~StubRoutines::call_stub
J 556  java.security.AccessController.doPrivileged(Ljava/security/PrivilegedExceptionAction;Ljava/security/AccessControlContext;)Ljava/lang/Object; (0 bytes) @ 0x0000000002ef4ae6 [0x0000000002ef4a80+0x66]
J 604 C1 java.net.URLClassLoader.findClass(Ljava/lang/String;)Ljava/lang/Class; (47 bytes) @ 0x0000000002f13534 [0x0000000002f13480+0xb4]
J 511 C1 java.lang.ClassLoader.loadClass(Ljava/lang/String;Z)Ljava/lang/Class; (122 bytes) @ 0x0000000002ee4a24 [0x0000000002ee4720+0x304]
J 590 C1 sun.misc.Launcher$AppClassLoader.loadClass(Ljava/lang/String;Z)Ljava/lang/Class; (85 bytes) @ 0x0000000002f05744 [0x0000000002f05460+0x2e4]
J 588 C1 java.lang.ClassLoader.loadClass(Ljava/lang/String;)Ljava/lang/Class; (7 bytes) @ 0x0000000002f04d64 [0x0000000002f04d20+0x44]
v  ~StubRoutines::call_stub
j  com.mysql.cj.jdbc.result.ResultSetFactory.createFromProtocolEntity(Lcom/mysql/cj/protocol/ProtocolEntity;)Lcom/mysql/cj/jdbc/result/ResultSetImpl;+7
j  com.mysql.cj.jdbc.result.ResultSetFactory.createFromProtocolEntity(Lcom/mysql/cj/protocol/ProtocolEntity;)Ljava/lang/Object;+2
j  com.mysql.cj.protocol.a.TextResultsetReader.read(IZLcom/mysql/cj/protocol/a/NativePacketPayload;Lcom/mysql/cj/protocol/ColumnDefinition;Lcom/mysql/cj/protocol/ProtocolEntityFactory;)Lcom/mysql/cj/protocol/Resultset;+312
j  com.mysql.cj.protocol.a.TextResultsetReader.read(IZLcom/mysql/cj/protocol/Message;Lcom/mysql/cj/protocol/ColumnDefinition;Lcom/mysql/cj/protocol/ProtocolEntityFactory;)Lcom/mysql/cj/protocol/ProtocolEntity;+11
j  com.mysql.cj.protocol.a.NativeProtocol.read(Ljava/lang/Class;IZLcom/mysql/cj/protocol/a/NativePacketPayload;ZLcom/mysql/cj/protocol/ColumnDefinition;Lcom/mysql/cj/protocol/ProtocolEntityFactory;)Lcom/mysql/cj/protocol/ProtocolEntity;+80
j  com.mysql.cj.protocol.a.NativeProtocol.readAllResults(IZLcom/mysql/cj/protocol/a/NativePacketPayload;ZLcom/mysql/cj/protocol/ColumnDefinition;Lcom/mysql/cj/protocol/ProtocolEntityFactory;)Lcom/mysql/cj/protocol/Resultset;+17
j  com.mysql.cj.protocol.a.NativeProtocol.sendQueryPacket(Lcom/mysql/cj/Query;Lcom/mysql/cj/protocol/a/NativePacketPayload;IZLcom/mysql/cj/protocol/ColumnDefinition;Lcom/mysql/cj/protocol/ProtocolEntityFactory;)Lcom/mysql/cj/protocol/Resultset;+266
j  com.mysql.cj.protocol.a.NativeProtocol.sendQueryString(Lcom/mysql/cj/Query;Ljava/lang/String;Ljava/lang/String;IZLcom/mysql/cj/protocol/ColumnDefinition;Lcom/mysql/cj/protocol/ProtocolEntityFactory;)Lcom/mysql/cj/protocol/Resultset;+253
j  com.mysql.cj.NativeSession.execSQL(Lcom/mysql/cj/Query;Ljava/lang/String;ILcom/mysql/cj/protocol/a/NativePacketPayload;ZLcom/mysql/cj/protocol/ProtocolEntityFactory;Lcom/mysql/cj/protocol/ColumnDefinition;Z)Lcom/mysql/cj/protocol/Resultset;+161
j  com.mysql.cj.jdbc.ConnectionImpl.setAutoCommit(Z)V+194
j  com.mysql.cj.jdbc.ConnectionImpl.handleAutoCommitDefaults()V+88
j  com.mysql.cj.jdbc.ConnectionImpl.initializePropsFromServer()V+216
j  com.mysql.cj.jdbc.ConnectionImpl.connectOneTryOnly(Z)V+72
j  com.mysql.cj.jdbc.ConnectionImpl.createNewIO(Z)V+27
j  com.mysql.cj.jdbc.ConnectionImpl.<init>(Lcom/mysql/cj/conf/HostInfo;)V+783
j  com.mysql.cj.jdbc.ConnectionImpl.getInstance(Lcom/mysql/cj/conf/HostInfo;)Lcom/mysql/cj/jdbc/JdbcConnection;+5
j  com.mysql.cj.jdbc.NonRegisteringDriver.connect(Ljava/lang/String;Ljava/util/Properties;)Ljava/sql/Connection;+72
j  com.zaxxer.hikari.util.DriverDataSource.getConnection(Ljava/lang/String;Ljava/lang/String;)Ljava/sql/Connection;+61
j  com.zaxxer.hikari.pool.PoolBase.newConnection()Ljava/sql/Connection;+49
j  com.zaxxer.hikari.pool.PoolBase.newPoolEntry()Lcom/zaxxer/hikari/pool/PoolEntry;+5
j  com.zaxxer.hikari.pool.HikariPool.createPoolEntry()Lcom/zaxxer/hikari/pool/PoolEntry;+1
j  com.zaxxer.hikari.pool.HikariPool.checkFailFast()V+20
j  com.zaxxer.hikari.pool.HikariPool.<init>(Lcom/zaxxer/hikari/HikariConfig;)V+128
j  com.zaxxer.hikari.HikariDataSource.getConnection()Ljava/sql/Connection;+100
j  org.hibernate.engine.jdbc.connections.internal.DatasourceConnectionProviderImpl.getConnection()Ljava/sql/Connection;+48
j  org.hibernate.engine.jdbc.env.internal.JdbcEnvironmentInitiator$ConnectionProviderJdbcConnectionAccess.obtainConnection()Ljava/sql/Connection;+4
j  org.hibernate.engine.jdbc.env.internal.JdbcEnvironmentInitiator.initiateService(Ljava/util/Map;Lorg/hibernate/service/spi/ServiceRegistryImplementor;)Lorg/hibernate/engine/jdbc/env/spi/JdbcEnvironment;+36
j  org.hibernate.engine.jdbc.env.internal.JdbcEnvironmentInitiator.initiateService(Ljava/util/Map;Lorg/hibernate/service/spi/ServiceRegistryImplementor;)Lorg/hibernate/service/Service;+3
j  org.hibernate.boot.registry.internal.StandardServiceRegistryImpl.initiateService(Lorg/hibernate/service/spi/ServiceInitiator;)Lorg/hibernate/service/Service;+9
j  org.hibernate.service.internal.AbstractServiceRegistryImpl.createService(Lorg/hibernate/service/spi/ServiceBinding;)Lorg/hibernate/service/Service;+26
j  org.hibernate.service.internal.AbstractServiceRegistryImpl.initializeService(Lorg/hibernate/service/spi/ServiceBinding;)Lorg/hibernate/service/Service;+30
j  org.hibernate.service.internal.AbstractServiceRegistryImpl.getService(Ljava/lang/Class;)Lorg/hibernate/service/Service;+88
j  org.hibernate.id.factory.internal.DefaultIdentifierGeneratorFactory.injectServices(Lorg/hibernate/service/spi/ServiceRegistryImplementor;)V+9
j  org.hibernate.service.internal.AbstractServiceRegistryImpl.injectDependencies(Lorg/hibernate/service/spi/ServiceBinding;)V+24
j  org.hibernate.service.internal.AbstractServiceRegistryImpl.initializeService(Lorg/hibernate/service/spi/ServiceBinding;)Lorg/hibernate/service/Service;+45
j  org.hibernate.service.internal.AbstractServiceRegistryImpl.getService(Ljava/lang/Class;)Lorg/hibernate/service/Service;+88
j  org.hibernate.boot.internal.InFlightMetadataCollectorImpl.<init>(Lorg/hibernate/boot/spi/BootstrapContext;Lorg/hibernate/boot/spi/MetadataBuildingOptions;)V+277
j  org.hibernate.boot.model.process.spi.MetadataBuildingProcess.complete(Lorg/hibernate/boot/model/process/spi/ManagedResources;Lorg/hibernate/boot/spi/BootstrapContext;Lorg/hibernate/boot/spi/MetadataBuildingOptions;)Lorg/hibernate/boot/spi/MetadataImplementor;+6
j  org.hibernate.jpa.boot.internal.EntityManagerFactoryBuilderImpl.metadata()Lorg/hibernate/boot/spi/MetadataImplementor;+30
j  org.hibernate.jpa.boot.internal.EntityManagerFactoryBuilderImpl.build()Ljavax/persistence/EntityManagerFactory;+1
j  org.springframework.orm.jpa.vendor.SpringHibernateJpaPersistenceProvider.createContainerEntityManagerFactory(Ljavax/persistence/spi/PersistenceUnitInfo;Ljava/util/Map;)Ljavax/persistence/EntityManagerFactory;+55
j  org.springframework.orm.jpa.LocalContainerEntityManagerFactoryBean.createNativeEntityManagerFactory()Ljavax/persistence/EntityManagerFactory;+129
j  org.springframework.orm.jpa.AbstractEntityManagerFactoryBean.buildNativeEntityManagerFactory()Ljavax/persistence/EntityManagerFactory;+1
j  org.springframework.orm.jpa.AbstractEntityManagerFactoryBean.afterPropertiesSet()V+192
j  org.springframework.orm.jpa.LocalContainerEntityManagerFactoryBean.afterPropertiesSet()V+77
j  org.springframework.beans.factory.support.AbstractAutowireCapableBeanFactory.invokeInitMethods(Ljava/lang/String;Ljava/lang/Object;Lorg/springframework/beans/factory/support/RootBeanDefinition;)V+106
j  org.springframework.beans.factory.support.AbstractAutowireCapableBeanFactory.initializeBean(Ljava/lang/String;Ljava/lang/Object;Lorg/springframework/beans/factory/support/RootBeanDefinition;)Ljava/lang/Object;+59
j  org.springframework.beans.factory.support.AbstractAutowireCapableBeanFactory.doCreateBean(Ljava/lang/String;Lorg/springframework/beans/factory/support/RootBeanDefinition;[Ljava/lang/Object;)Ljava/lang/Object;+245
j  org.springframework.beans.factory.support.AbstractAutowireCapableBeanFactory.createBean(Ljava/lang/String;Lorg/springframework/beans/factory/support/RootBeanDefinition;[Ljava/lang/Object;)Ljava/lang/Object;+169
j  org.springframework.beans.factory.support.AbstractBeanFactory.lambda$doGetBean$0(Ljava/lang/String;Lorg/springframework/beans/factory/support/RootBeanDefinition;[Ljava/lang/Object;)Ljava/lang/Object;+4
j  org.springframework.beans.factory.support.AbstractBeanFactory$$Lambda$198.getObject()Ljava/lang/Object;+16
j  org.springframework.beans.factory.support.DefaultSingletonBeanRegistry.getSingleton(Ljava/lang/String;Lorg/springframework/beans/factory/ObjectFactory;)Ljava/lang/Object;+132
J 2251 C1 org.springframework.beans.factory.support.AbstractBeanFactory.doGetBean(Ljava/lang/String;Ljava/lang/Class;[Ljava/lang/Object;Z)Ljava/lang/Object; (952 bytes) @ 0x00000000031a392c [0x00000000031a32a0+0x68c]
j  org.springframework.beans.factory.support.AbstractBeanFactory.getBean(Ljava/lang/String;)Ljava/lang/Object;+5
j  org.springframework.context.support.AbstractApplicationContext.getBean(Ljava/lang/String;)Ljava/lang/Object;+9
j  org.springframework.context.support.AbstractApplicationContext.finishBeanFactoryInitialization(Lorg/springframework/beans/factory/config/ConfigurableListableBeanFactory;)V+100
j  org.springframework.context.support.AbstractApplicationContext.refresh()V+86
j  org.springframework.boot.web.servlet.context.ServletWebServerApplicationContext.refresh()V+1
j  org.springframework.boot.SpringApplication.refresh(Lorg/springframework/context/ConfigurableApplicationContext;)V+1
j  org.springframework.boot.SpringApplication.refresh(Lorg/springframework/context/ApplicationContext;)V+12
j  org.springframework.boot.SpringApplication.refreshContext(Lorg/springframework/context/ConfigurableApplicationContext;)V+19
j  org.springframework.boot.SpringApplication.run([Ljava/lang/String;)Lorg/springframework/context/ConfigurableApplicationContext;+111
j  org.springframework.boot.SpringApplication.run([Ljava/lang/Class;[Ljava/lang/String;)Lorg/springframework/context/ConfigurableApplicationContext;+9
j  org.springframework.boot.SpringApplication.run(Ljava/lang/Class;[Ljava/lang/String;)Lorg/springframework/context/ConfigurableApplicationContext;+9
j  ph.intevalue.exam.exchange.rate.ExchangeRateInformationExamApplication.main([Ljava/lang/String;)V+3
v  ~StubRoutines::call_stub

---------------  P R O C E S S  ---------------

Java Threads: ( => current thread )
  0x00000000192bd000 JavaThread "mysql-cj-abandoned-connection-cleanup" daemon [_thread_blocked, id=20956, stack(0x000000001aad0000,0x000000001abd0000)]
  0x0000000019238800 JavaThread "container-0" [_thread_blocked, id=8688, stack(0x000000001a7d0000,0x000000001a8d0000)]
  0x0000000019238000 JavaThread "Catalina-utility-2" [_thread_blocked, id=6596, stack(0x000000001a6d0000,0x000000001a7d0000)]
  0x0000000019237000 JavaThread "Catalina-utility-1" [_thread_blocked, id=16336, stack(0x000000001a5d0000,0x000000001a6d0000)]
  0x0000000019123000 JavaThread "JMX server connection timeout 19" daemon [_thread_blocked, id=5264, stack(0x000000001a0d0000,0x000000001a1d0000)]
  0x00000000190cb800 JavaThread "RMI Scheduler(0)" daemon [_thread_blocked, id=4224, stack(0x0000000019fd0000,0x000000001a0d0000)]
  0x0000000019115000 JavaThread "RMI TCP Connection(1)-127.0.0.1" daemon [_thread_in_native, id=21208, stack(0x0000000018700000,0x0000000018800000)]
  0x0000000017692000 JavaThread "RMI TCP Accept-0" daemon [_thread_in_native, id=11592, stack(0x0000000017ec0000,0x0000000017fc0000)]
  0x000000001768c800 JavaThread "RMI TCP Accept-61976" daemon [_thread_in_native, id=18696, stack(0x0000000017dc0000,0x0000000017ec0000)]
  0x0000000017680000 JavaThread "RMI TCP Accept-0" daemon [_thread_in_native, id=5840, stack(0x0000000017cc0000,0x0000000017dc0000)]
  0x0000000016ba9000 JavaThread "Service Thread" daemon [_thread_blocked, id=19092, stack(0x0000000017080000,0x0000000017180000)]
  0x0000000015385000 JavaThread "C1 CompilerThread2" daemon [_thread_blocked, id=19336, stack(0x0000000016f80000,0x0000000017080000)]
  0x000000001533d000 JavaThread "C2 CompilerThread1" daemon [_thread_blocked, id=7436, stack(0x0000000016a80000,0x0000000016b80000)]
  0x0000000015337800 JavaThread "C2 CompilerThread0" daemon [_thread_blocked, id=19988, stack(0x0000000016980000,0x0000000016a80000)]
  0x0000000015336000 JavaThread "Attach Listener" daemon [_thread_blocked, id=9340, stack(0x0000000016880000,0x0000000016980000)]
  0x0000000015332800 JavaThread "Signal Dispatcher" daemon [_thread_blocked, id=9468, stack(0x0000000016780000,0x0000000016880000)]
  0x0000000015319000 JavaThread "Finalizer" daemon [_thread_blocked, id=15636, stack(0x0000000016580000,0x0000000016680000)]
  0x0000000002c64000 JavaThread "Reference Handler" daemon [_thread_blocked, id=19584, stack(0x0000000016480000,0x0000000016580000)]
=>0x0000000002b74800 JavaThread "main" [_thread_in_vm, id=15244, stack(0x0000000002a10000,0x0000000002b10000)]

Other Threads:
  0x00000000152f7800 VMThread [stack: 0x0000000016380000,0x0000000016480000] [id=6456]
  0x0000000017693000 WatcherThread [stack: 0x0000000017fc0000,0x00000000180c0000] [id=16940]

VM state:not at safepoint (normal execution)

VM Mutex/Monitor currently owned by a thread: None

Heap:
 PSYoungGen      total 97792K, used 1673K [0x00000000eb180000, 0x00000000f1a00000, 0x0000000100000000)
  eden space 89600K, 1% used [0x00000000eb180000,0x00000000eb3227e8,0x00000000f0900000)
  from space 8192K, 0% used [0x00000000f1200000,0x00000000f1200000,0x00000000f1a00000)
  to   space 8704K, 0% used [0x00000000f0900000,0x00000000f0900000,0x00000000f1180000)
 ParOldGen       total 35328K, used 13075K [0x00000000c1400000, 0x00000000c3680000, 0x00000000eb180000)
  object space 35328K, 37% used [0x00000000c1400000,0x00000000c20c4ef8,0x00000000c3680000)
 Metaspace       used 34047K, capacity 36142K, committed 36392K, reserved 1083392K
  class space    used 4740K, capacity 5125K, committed 5160K, reserved 1048576K

Card table byte_map: [0x00000000120e0000,0x00000000122e0000] byte_map_base: 0x0000000011ad6000

Marking Bits: (ParMarkBitMap*) 0x0000000051c0c720
 Begin Bits: [0x0000000012830000, 0x00000000137e0000)
 End Bits:   [0x00000000137e0000, 0x0000000014790000)

Polling page: 0x0000000001180000

CodeCache: size=245760Kb used=5945Kb max_used=5945Kb free=239814Kb
 bounds [0x0000000002d20000, 0x00000000032f0000, 0x0000000011d20000]
 total_blobs=3365 nmethods=2902 adapters=375
 compilation: enabled

Compilation events (10 events):
Event: 13.517 Thread 0x0000000015385000 2899       1       com.mysql.cj.Collation::<init> (37 bytes)
Event: 13.517 Thread 0x0000000015385000 nmethod 2899 0x00000000032ec3d0 code [0x00000000032ec540, 0x00000000032ec768]
Event: 13.571 Thread 0x0000000015385000 2900       1       com.mysql.cj.protocol.a.NativePacketPayload::getPosition (5 bytes)
Event: 13.572 Thread 0x0000000015385000 nmethod 2900 0x00000000032ecf50 code [0x00000000032ed0a0, 0x00000000032ed1b0]
Event: 13.572 Thread 0x0000000015385000 2901       1       com.mysql.cj.protocol.a.NativePacketPayload::getByteBuffer (5 bytes)
Event: 13.572 Thread 0x0000000015385000 nmethod 2901 0x00000000032ed210 code [0x00000000032ed360, 0x00000000032ed470]
Event: 13.572 Thread 0x0000000015385000 2902       1       com.mysql.cj.protocol.a.NativePacketPayload::readInteger (662 bytes)
Event: 13.573 Thread 0x0000000015385000 nmethod 2902 0x00000000032ed4d0 code [0x00000000032ed6c0, 0x00000000032edf28]
Event: 13.588 Thread 0x0000000015385000 2903       1       com.mysql.cj.conf.AbstractRuntimeProperty::getValue (5 bytes)
Event: 13.588 Thread 0x0000000015385000 nmethod 2903 0x00000000032ee650 code [0x00000000032ee7a0, 0x00000000032ee8b0]

GC Heap History (10 events):
Event: 13.162 GC heap before
{Heap before GC invocations=12 (full 2):
 PSYoungGen      total 97792K, used 5210K [0x00000000eb180000, 0x00000000f1a00000, 0x0000000100000000)
  eden space 89600K, 0% used [0x00000000eb180000,0x00000000eb180000,0x00000000f0900000)
  from space 8192K, 63% used [0x00000000f1200000,0x00000000f1716998,0x00000000f1a00000)
  to   space 8704K, 0% used [0x00000000f0900000,0x00000000f0900000,0x00000000f1180000)
 ParOldGen       total 35328K, used 17383K [0x00000000c1400000, 0x00000000c3680000, 0x00000000eb180000)
  object space 35328K, 49% used [0x00000000c1400000,0x00000000c24f9c30,0x00000000c3680000)
 Metaspace       used 33392K, capacity 35450K, committed 35496K, reserved 1081344K
  class space    used 4650K, capacity 5021K, committed 5032K, reserved 1048576K
Event: 13.283 GC heap after
Heap after GC invocations=12 (full 2):
 PSYoungGen      total 97792K, used 0K [0x00000000eb180000, 0x00000000f1a00000, 0x0000000100000000)
  eden space 89600K, 0% used [0x00000000eb180000,0x00000000eb180000,0x00000000f0900000)
  from space 8192K, 0% used [0x00000000f1200000,0x00000000f1200000,0x00000000f1a00000)
  to   space 8704K, 0% used [0x00000000f0900000,0x00000000f0900000,0x00000000f1180000)
 ParOldGen       total 35328K, used 14148K [0x00000000c1400000, 0x00000000c3680000, 0x00000000eb180000)
  object space 35328K, 40% used [0x00000000c1400000,0x00000000c21d12d0,0x00000000c3680000)
 Metaspace       used 33392K, capacity 35450K, committed 35496K, reserved 1081344K
  class space    used 4650K, capacity 5021K, committed 5032K, reserved 1048576K
}
Event: 13.593 GC heap before
{Heap before GC invocations=13 (full 2):
 PSYoungGen      total 97792K, used 5050K [0x00000000eb180000, 0x00000000f1a00000, 0x0000000100000000)
  eden space 89600K, 5% used [0x00000000eb180000,0x00000000eb66ea40,0x00000000f0900000)
  from space 8192K, 0% used [0x00000000f1200000,0x00000000f1200000,0x00000000f1a00000)
  to   space 8704K, 0% used [0x00000000f0900000,0x00000000f0900000,0x00000000f1180000)
 ParOldGen       total 35328K, used 14148K [0x00000000c1400000, 0x00000000c3680000, 0x00000000eb180000)
  object space 35328K, 40% used [0x00000000c1400000,0x00000000c21d12d0,0x00000000c3680000)
 Metaspace       used 34046K, capacity 36046K, committed 36136K, reserved 1085440K
  class space    used 4740K, capacity 5093K, committed 5160K, reserved 1048576K
Event: 13.597 GC heap after
Heap after GC invocations=13 (full 2):
 PSYoungGen      total 98304K, used 1988K [0x00000000eb180000, 0x00000000f1a00000, 0x0000000100000000)
  eden space 89600K, 0% used [0x00000000eb180000,0x00000000eb180000,0x00000000f0900000)
  from space 8704K, 22% used [0x00000000f0900000,0x00000000f0af1258,0x00000000f1180000)
  to   space 8192K, 0% used [0x00000000f1200000,0x00000000f1200000,0x00000000f1a00000)
 ParOldGen       total 35328K, used 14156K [0x00000000c1400000, 0x00000000c3680000, 0x00000000eb180000)
  object space 35328K, 40% used [0x00000000c1400000,0x00000000c21d32d0,0x00000000c3680000)
 Metaspace       used 34046K, capacity 36046K, committed 36136K, reserved 1085440K
  class space    used 4740K, capacity 5093K, committed 5160K, reserved 1048576K
}
Event: 13.598 GC heap before
{Heap before GC invocations=14 (full 3):
 PSYoungGen      total 98304K, used 1988K [0x00000000eb180000, 0x00000000f1a00000, 0x0000000100000000)
  eden space 89600K, 0% used [0x00000000eb180000,0x00000000eb180000,0x00000000f0900000)
  from space 8704K, 22% used [0x00000000f0900000,0x00000000f0af1258,0x00000000f1180000)
  to   space 8192K, 0% used [0x00000000f1200000,0x00000000f1200000,0x00000000f1a00000)
 ParOldGen       total 35328K, used 14156K [0x00000000c1400000, 0x00000000c3680000, 0x00000000eb180000)
  object space 35328K, 40% used [0x00000000c1400000,0x00000000c21d32d0,0x00000000c3680000)
 Metaspace       used 34046K, capacity 36046K, committed 36136K, reserved 1085440K
  class space    used 4740K, capacity 5093K, committed 5160K, reserved 1048576K
Event: 13.765 GC heap after
Heap after GC invocations=14 (full 3):
 PSYoungGen      total 98304K, used 0K [0x00000000eb180000, 0x00000000f1a00000, 0x0000000100000000)
  eden space 89600K, 0% used [0x00000000eb180000,0x00000000eb180000,0x00000000f0900000)
  from space 8704K, 0% used [0x00000000f0900000,0x00000000f0900000,0x00000000f1180000)
  to   space 8192K, 0% used [0x00000000f1200000,0x00000000f1200000,0x00000000f1a00000)
 ParOldGen       total 35328K, used 13388K [0x00000000c1400000, 0x00000000c3680000, 0x00000000eb180000)
  object space 35328K, 37% used [0x00000000c1400000,0x00000000c2113060,0x00000000c3680000)
 Metaspace       used 34046K, capacity 36046K, committed 36136K, reserved 1083392K
  class space    used 4740K, capacity 5093K, committed 5160K, reserved 1048576K
}
Event: 13.766 GC heap before
{Heap before GC invocations=15 (full 3):
 PSYoungGen      total 98304K, used 0K [0x00000000eb180000, 0x00000000f1a00000, 0x0000000100000000)
  eden space 89600K, 0% used [0x00000000eb180000,0x00000000eb180000,0x00000000f0900000)
  from space 8704K, 0% used [0x00000000f0900000,0x00000000f0900000,0x00000000f1180000)
  to   space 8192K, 0% used [0x00000000f1200000,0x00000000f1200000,0x00000000f1a00000)
 ParOldGen       total 35328K, used 13388K [0x00000000c1400000, 0x00000000c3680000, 0x00000000eb180000)
  object space 35328K, 37% used [0x00000000c1400000,0x00000000c2113060,0x00000000c3680000)
 Metaspace       used 34046K, capacity 36046K, committed 36136K, reserved 1087488K
  class space    used 4740K, capacity 5093K, committed 5160K, reserved 1048576K
Event: 13.768 GC heap after
Heap after GC invocations=15 (full 3):
 PSYoungGen      total 97792K, used 0K [0x00000000eb180000, 0x00000000f1a00000, 0x0000000100000000)
  eden space 89600K, 0% used [0x00000000eb180000,0x00000000eb180000,0x00000000f0900000)
  from space 8192K, 0% used [0x00000000f1200000,0x00000000f1200000,0x00000000f1a00000)
  to   space 8704K, 0% used [0x00000000f0900000,0x00000000f0900000,0x00000000f1180000)
 ParOldGen       total 35328K, used 13388K [0x00000000c1400000, 0x00000000c3680000, 0x00000000eb180000)
  object space 35328K, 37% used [0x00000000c1400000,0x00000000c2113060,0x00000000c3680000)
 Metaspace       used 34046K, capacity 36046K, committed 36136K, reserved 1087488K
  class space    used 4740K, capacity 5093K, committed 5160K, reserved 1048576K
}
Event: 13.769 GC heap before
{Heap before GC invocations=16 (full 4):
 PSYoungGen      total 97792K, used 0K [0x00000000eb180000, 0x00000000f1a00000, 0x0000000100000000)
  eden space 89600K, 0% used [0x00000000eb180000,0x00000000eb180000,0x00000000f0900000)
  from space 8192K, 0% used [0x00000000f1200000,0x00000000f1200000,0x00000000f1a00000)
  to   space 8704K, 0% used [0x00000000f0900000,0x00000000f0900000,0x00000000f1180000)
 ParOldGen       total 35328K, used 13388K [0x00000000c1400000, 0x00000000c3680000, 0x00000000eb180000)
  object space 35328K, 37% used [0x00000000c1400000,0x00000000c2113060,0x00000000c3680000)
 Metaspace       used 34046K, capacity 36046K, committed 36136K, reserved 1087488K
  class space    used 4740K, capacity 5093K, committed 5160K, reserved 1048576K
Event: 13.838 GC heap after
Heap after GC invocations=16 (full 4):
 PSYoungGen      total 97792K, used 0K [0x00000000eb180000, 0x00000000f1a00000, 0x0000000100000000)
  eden space 89600K, 0% used [0x00000000eb180000,0x00000000eb180000,0x00000000f0900000)
  from space 8192K, 0% used [0x00000000f1200000,0x00000000f1200000,0x00000000f1a00000)
  to   space 8704K, 0% used [0x00000000f0900000,0x00000000f0900000,0x00000000f1180000)
 ParOldGen       total 35328K, used 13075K [0x00000000c1400000, 0x00000000c3680000, 0x00000000eb180000)
  object space 35328K, 37% used [0x00000000c1400000,0x00000000c20c4ef8,0x00000000c3680000)
 Metaspace       used 34046K, capacity 36046K, committed 36136K, reserved 1083392K
  class space    used 4740K, capacity 5093K, committed 5160K, reserved 1048576K
}

Deoptimization events (0 events):
No events

Internal exceptions (10 events):
Event: 12.356 Thread 0x0000000019115000 Exception <a 'java/lang/ClassNotFoundException': org/springframework/context/support/LiveBeansView> (0x00000000ebbc9260) thrown at [C:\re\workspace\8-2-build-windows-amd64-cygwin\jdk8u131\8869\hotspot\src\share\vm\classfile\systemDictionary.cpp, line 210]
Event: 12.359 Thread 0x0000000019115000 Exception <a 'java/lang/ClassNotFoundException': org/springframework/boot/actuate/endpoint/jmx/EndpointMBean> (0x00000000ebbe74d8) thrown at [C:\re\workspace\8-2-build-windows-amd64-cygwin\jdk8u131\8869\hotspot\src\share\vm\classfile\systemDictionary.cpp,
Event: 12.361 Thread 0x0000000019115000 Exception <a 'java/lang/ClassNotFoundException': org/springframework/boot/actuate/endpoint/jmx/DataEndpointMBean> (0x00000000ebc05940) thrown at [C:\re\workspace\8-2-build-windows-amd64-cygwin\jdk8u131\8869\hotspot\src\share\vm\classfile\systemDictionary.
Event: 12.364 Thread 0x0000000019115000 Exception <a 'java/lang/ClassNotFoundException': org/springframework/context/support/LiveBeansView> (0x00000000ebc23e28) thrown at [C:\re\workspace\8-2-build-windows-amd64-cygwin\jdk8u131\8869\hotspot\src\share\vm\classfile\systemDictionary.cpp, line 210]
Event: 12.364 Thread 0x0000000019115000 Exception <a 'java/lang/ClassNotFoundException': org/springframework/boot/actuate/endpoint/jmx/EndpointMBean> (0x00000000ebc24190) thrown at [C:\re\workspace\8-2-build-windows-amd64-cygwin\jdk8u131\8869\hotspot\src\share\vm\classfile\systemDictionary.cpp,
Event: 12.365 Thread 0x0000000019115000 Exception <a 'java/lang/ClassNotFoundException': org/springframework/boot/actuate/endpoint/jmx/DataEndpointMBean> (0x00000000ebc246e8) thrown at [C:\re\workspace\8-2-build-windows-amd64-cygwin\jdk8u131\8869\hotspot\src\share\vm\classfile\systemDictionary.
Event: 12.365 Thread 0x0000000019115000 Exception <a 'java/lang/ClassNotFoundException': org/springframework/context/support/LiveBeansView> (0x00000000ebc24c28) thrown at [C:\re\workspace\8-2-build-windows-amd64-cygwin\jdk8u131\8869\hotspot\src\share\vm\classfile\systemDictionary.cpp, line 210]
Event: 12.365 Thread 0x0000000019115000 Exception <a 'java/lang/ClassNotFoundException': org/springframework/boot/actuate/endpoint/jmx/EndpointMBean> (0x00000000ebc24f80) thrown at [C:\re\workspace\8-2-build-windows-amd64-cygwin\jdk8u131\8869\hotspot\src\share\vm\classfile\systemDictionary.cpp,
Event: 12.365 Thread 0x0000000019115000 Exception <a 'java/lang/ClassNotFoundException': org/springframework/boot/actuate/endpoint/jmx/DataEndpointMBean> (0x00000000ebc254c8) thrown at [C:\re\workspace\8-2-build-windows-amd64-cygwin\jdk8u131\8869\hotspot\src\share\vm\classfile\systemDictionary.
Event: 12.365 Thread 0x0000000019115000 Exception <a 'java/lang/ClassNotFoundException': org/springframework/context/support/LiveBeansView> (0x00000000ebc259f8) thrown at [C:\re\workspace\8-2-build-windows-amd64-cygwin\jdk8u131\8869\hotspot\src\share\vm\classfile\systemDictionary.cpp, line 210]

Events (10 events):
Event: 13.590 loading class com/mysql/cj/jdbc/result/ResultSetInternalMethods
Event: 13.590 loading class com/mysql/cj/jdbc/result/ResultSetInternalMethods done
Event: 13.591 loading class java/sql/ResultSet
Event: 13.592 loading class java/sql/ResultSet done
Event: 13.592 loading class com/mysql/cj/protocol/ResultsetRowsOwner
Event: 13.592 loading class com/mysql/cj/protocol/ResultsetRowsOwner done
Event: 13.592 Executing VM operation: CollectForMetadataAllocation
Event: 13.765 Executing VM operation: CollectForMetadataAllocation done
Event: 13.765 Executing VM operation: CollectForMetadataAllocation
Event: 13.839 Executing VM operation: CollectForMetadataAllocation done


Dynamic libraries:
0x00007ff74d2f0000 - 0x00007ff74d327000 	C:\Program Files\Java\jdk1.8.0_131\bin\javaw.exe
0x00007ffe5abf0000 - 0x00007ffe5ade6000 	C:\WINDOWS\SYSTEM32\ntdll.dll
0x00007ffe58c50000 - 0x00007ffe58d0d000 	C:\WINDOWS\System32\KERNEL32.DLL
0x00007ffe58720000 - 0x00007ffe589e9000 	C:\WINDOWS\System32\KERNELBASE.dll
0x00007ffe59a70000 - 0x00007ffe59b1c000 	C:\WINDOWS\System32\ADVAPI32.dll
0x00007ffe59dd0000 - 0x00007ffe59e6e000 	C:\WINDOWS\System32\msvcrt.dll
0x00007ffe599c0000 - 0x00007ffe59a5c000 	C:\WINDOWS\System32\sechost.dll
0x00007ffe59ca0000 - 0x00007ffe59dcb000 	C:\WINDOWS\System32\RPCRT4.dll
0x00007ffe59810000 - 0x00007ffe599b0000 	C:\WINDOWS\System32\USER32.dll
0x00007ffe585c0000 - 0x00007ffe585e2000 	C:\WINDOWS\System32\win32u.dll
0x00007ffe59370000 - 0x00007ffe5939a000 	C:\WINDOWS\System32\GDI32.dll
0x00007ffe58330000 - 0x00007ffe58439000 	C:\WINDOWS\System32\gdi32full.dll
0x00007ffe58bb0000 - 0x00007ffe58c4d000 	C:\WINDOWS\System32\msvcp_win.dll
0x00007ffe585f0000 - 0x00007ffe586f0000 	C:\WINDOWS\System32\ucrtbase.dll
0x00007ffe46420000 - 0x00007ffe466bb000 	C:\WINDOWS\WinSxS\amd64_microsoft.windows.common-controls_6595b64144ccf1df_6.0.19041.488_none_ca04af081b815d21\COMCTL32.dll
0x00007ffe59710000 - 0x00007ffe59740000 	C:\WINDOWS\System32\IMM32.DLL
0x0000000051310000 - 0x00000000513e2000 	C:\Program Files\Java\jdk1.8.0_131\jre\bin\msvcr100.dll
0x00000000513f0000 - 0x0000000051c8c000 	C:\Program Files\Java\jdk1.8.0_131\jre\bin\server\jvm.dll
0x00007ffe59a60000 - 0x00007ffe59a68000 	C:\WINDOWS\System32\PSAPI.DLL
0x00007ffe56af0000 - 0x00007ffe56af9000 	C:\WINDOWS\SYSTEM32\WSOCK32.dll
0x00007ffe485d0000 - 0x00007ffe485f7000 	C:\WINDOWS\SYSTEM32\WINMM.dll
0x00007ffe4b7e0000 - 0x00007ffe4b7ea000 	C:\WINDOWS\SYSTEM32\VERSION.dll
0x00007ffe59460000 - 0x00007ffe594cb000 	C:\WINDOWS\System32\WS2_32.dll
0x00000000524e0000 - 0x00000000524ef000 	C:\Program Files\Java\jdk1.8.0_131\jre\bin\verify.dll
0x00000000524b0000 - 0x00000000524d9000 	C:\Program Files\Java\jdk1.8.0_131\jre\bin\java.dll
0x0000000052460000 - 0x0000000052476000 	C:\Program Files\Java\jdk1.8.0_131\jre\bin\zip.dll
0x00007ffe59f50000 - 0x00007ffe5a692000 	C:\WINDOWS\System32\SHELL32.dll
0x00007ffe56330000 - 0x00007ffe56ac5000 	C:\WINDOWS\SYSTEM32\windows.storage.dll
0x00007ffe5a780000 - 0x00007ffe5aad6000 	C:\WINDOWS\System32\combase.dll
0x00007ffe57da0000 - 0x00007ffe57dcc000 	C:\WINDOWS\SYSTEM32\Wldp.dll
0x00007ffe593a0000 - 0x00007ffe5944e000 	C:\WINDOWS\System32\SHCORE.dll
0x00007ffe59310000 - 0x00007ffe59365000 	C:\WINDOWS\System32\shlwapi.dll
0x00007ffe58260000 - 0x00007ffe58286000 	C:\WINDOWS\SYSTEM32\profapi.dll
0x00000000523d0000 - 0x00000000523dd000 	C:\Program Files\Java\jdk1.8.0_131\jre\bin\management.dll
0x0000000052440000 - 0x000000005245a000 	C:\Program Files\Java\jdk1.8.0_131\jre\bin\net.dll
0x00007ffe57b20000 - 0x00007ffe57b8a000 	C:\WINDOWS\system32\mswsock.dll
0x0000000052420000 - 0x0000000052431000 	C:\Program Files\Java\jdk1.8.0_131\jre\bin\nio.dll
0x00007ffe44e80000 - 0x00007ffe44e97000 	C:\WINDOWS\system32\napinsp.dll
0x00007ffe44ea0000 - 0x00007ffe44ebb000 	C:\WINDOWS\system32\pnrpnsp.dll
0x00007ffe52460000 - 0x00007ffe52475000 	C:\WINDOWS\system32\wshbth.dll
0x00007ffe54410000 - 0x00007ffe5442d000 	C:\WINDOWS\system32\NLAapi.dll
0x00007ffe577c0000 - 0x00007ffe577fb000 	C:\WINDOWS\SYSTEM32\IPHLPAPI.DLL
0x00007ffe57850000 - 0x00007ffe5791b000 	C:\WINDOWS\SYSTEM32\DNSAPI.dll
0x00007ffe59450000 - 0x00007ffe59458000 	C:\WINDOWS\System32\NSI.dll
0x00007ffe46760000 - 0x00007ffe46772000 	C:\WINDOWS\System32\winrnr.dll
0x00007ffe4b7d0000 - 0x00007ffe4b7da000 	C:\Windows\System32\rasadhlp.dll
0x00007ffe4b4a0000 - 0x00007ffe4b51f000 	C:\WINDOWS\System32\fwpuclnt.dll
0x00007ffe586f0000 - 0x00007ffe58717000 	C:\WINDOWS\System32\bcrypt.dll
0x00007ffe57cf0000 - 0x00007ffe57d08000 	C:\WINDOWS\SYSTEM32\CRYPTSP.dll
0x00007ffe57440000 - 0x00007ffe57474000 	C:\WINDOWS\system32\rsaenh.dll
0x00007ffe581e0000 - 0x00007ffe5820e000 	C:\WINDOWS\SYSTEM32\USERENV.dll
0x00007ffe58490000 - 0x00007ffe58510000 	C:\WINDOWS\System32\bcryptprimitives.dll
0x00007ffe57d10000 - 0x00007ffe57d1c000 	C:\WINDOWS\SYSTEM32\CRYPTBASE.dll
0x00007ffe55000000 - 0x00007ffe55017000 	C:\WINDOWS\SYSTEM32\dhcpcsvc6.DLL
0x00007ffe54fe0000 - 0x00007ffe54ffd000 	C:\WINDOWS\SYSTEM32\dhcpcsvc.DLL
0x00000000523f0000 - 0x0000000052414000 	C:\Program Files\Java\jdk1.8.0_131\jre\bin\sunec.dll
0x00000000523e0000 - 0x00000000523eb000 	C:\Program Files\Java\jdk1.8.0_131\jre\bin\sunmscapi.dll
0x00007ffe589f0000 - 0x00007ffe58b4d000 	C:\WINDOWS\System32\CRYPT32.dll

VM Arguments:
jvm_args: -Dcom.sun.management.jmxremote -Dcom.sun.management.jmxremote.port=61976 -Dcom.sun.management.jmxremote.authenticate=false -Dcom.sun.management.jmxremote.ssl=false -Djava.rmi.server.hostname=localhost -Dspring.jmx.enabled=true -Dspring.application.admin.enabled=true -Xverify:none -XX:TieredStopAtLevel=1 -Dfile.encoding=UTF-8 
java_command: ph.intevalue.exam.exchange.rate.ExchangeRateInformationExamApplication --spring.output.ansi.enabled=always
java_class_path (initial): C:\Users\Al\Documents\workspace-spring-tool-suite-4-4.3.2.RELEASE\exchange-rate-information-exam\target\classes;C:\Users\Al\.m2\repository\org\springframework\boot\spring-boot-starter-data-jpa\2.4.1\spring-boot-starter-data-jpa-2.4.1.jar;C:\Users\Al\.m2\repository\org\springframework\boot\spring-boot-starter-aop\2.4.1\spring-boot-starter-aop-2.4.1.jar;C:\Users\Al\.m2\repository\org\springframework\spring-aop\5.3.2\spring-aop-5.3.2.jar;C:\Users\Al\.m2\repository\org\aspectj\aspectjweaver\1.9.6\aspectjweaver-1.9.6.jar;C:\Users\Al\.m2\repository\org\springframework\boot\spring-boot-starter-jdbc\2.4.1\spring-boot-starter-jdbc-2.4.1.jar;C:\Users\Al\.m2\repository\com\zaxxer\HikariCP\3.4.5\HikariCP-3.4.5.jar;C:\Users\Al\.m2\repository\org\springframework\spring-jdbc\5.3.2\spring-jdbc-5.3.2.jar;C:\Users\Al\.m2\repository\jakarta\transaction\jakarta.transaction-api\1.3.3\jakarta.transaction-api-1.3.3.jar;C:\Users\Al\.m2\repository\jakarta\persistence\jakarta.persistence-api\2.2.3\jakarta.persistence-api-2.2.3.jar;C:\Users\Al\.m2\repository\org\hibernate\hibernate-core\5.4.25.Final\hibernate-core-5.4.25.Final.jar;C:\Users\Al\.m2\repository\org\jboss\logging\jboss-logging\3.4.1.Final\jboss-logging-3.4.1.Final.jar;C:\Users\Al\.m2\repository\org\javassist\javassist\3.27.0-GA\javassist-3.27.0-GA.jar;C:\Users\Al\.m2\repository\net\bytebuddy\byte-buddy\1.10.18\byte-buddy-1.10.18.jar;C:\Users\Al\.m2\repository\antlr\antlr\2.7.7\antlr-2.7.7.jar;C:\Users\Al\.m2\repository\org\jboss\jandex\2.1.3.Final\jandex-2.1.3.Final.jar;C:\Users\Al\.m2\repository\com\fasterxml\classmate\1.5.1\classmate-1.5.1.jar;C:\Users\Al\.m2\repository\org\dom4j\dom4j\2.1.3\dom4j-2.1.3.jar;C:\Users\Al\.m2\repository\org\hibernate\common\hibernate-commons-annotations\5.1.2.Final\hibernate-commons-annotations-5.1.2.Final.jar;C:\Users\Al\.m2\repository\org\glassfish\jaxb\jaxb-runtime\2.3.3\jaxb-runtime-2.3.3.jar;C:\Users\Al\.m2\repository\org\glassfish\jaxb\txw2\2.3.3\txw2-2.3.3.jar;C:
Launcher Type: SUN_STANDARD

Environment Variables:
JAVA_HOME=C:\Program Files\Java\jdk1.8.0_131
CLASSPATH=.
PATH=C:/Program Files/Java/jdk1.8.0_131/bin/../jre/bin/server;C:/Program Files/Java/jdk1.8.0_131/bin/../jre/bin;C:/Program Files/Java/jdk1.8.0_131/bin/../jre/lib/amd64;C:\Program Files (x86)\Razer Chroma SDK\bin;C:\Program Files\Razer Chroma SDK\bin;C:\Program Files (x86)\Intel\iCLS Client\;C:\Program Files\Intel\iCLS Client\;C:\windows\system32;C:\windows;C:\windows\System32\Wbem;C:\windows\System32\WindowsPowerShell\v1.0\;C:\Program Files (x86)\Intel\Intel(R) Management Engine Components\DAL;C:\Program Files\Intel\Intel(R) Management Engine Components\DAL;C:\Program Files (x86)\Intel\Intel(R) Management Engine Components\IPT;C:\Program Files\Intel\Intel(R) Management Engine Components\IPT;C:\Program Files\Java\jdk1.8.0_131\bin;c:\Program Files (x86)\Microsoft SQL Server\110\Tools\Binn\;c:\Program Files\Microsoft SQL Server\110\Tools\Binn\;c:\Program Files\Microsoft SQL Server\110\DTS\Binn\;c:\Program Files (x86)\Microsoft SQL Server\110\Tools\Binn\ManagementStudio\;c:\Program Files (x86)\Microsoft SQL Server\110\DTS\Binn\;C:\Program Files (x86)\Windows Kits\8.1\Windows Performance Toolkit\;C:\xampp\mysql\bin;C:\WINDOWS\system32;C:\WINDOWS;C:\WINDOWS\System32\Wbem;C:\WINDOWS\System32\WindowsPowerShell\v1.0\;C:\WINDOWS\System32\OpenSSH\;C:\Program Files\Git\cmd;C:\Users\Al\AppData\Local\Microsoft\WindowsApps;;C:\Users\Al\Documents\sts-4.3.2.RELEASE;
USERNAME=Al
OS=Windows_NT
PROCESSOR_IDENTIFIER=Intel64 Family 6 Model 61 Stepping 4, GenuineIntel



---------------  S Y S T E M  ---------------

OS: Windows 10.0 , 64 bit Build 19041 (10.0.19041.662)

CPU:total 4 (initial active 4) (2 cores per cpu, 2 threads per core) family 6 model 61 stepping 4, cmov, cx8, fxsr, mmx, sse, sse2, sse3, ssse3, sse4.1, sse4.2, popcnt, avx, avx2, aes, clmul, erms, 3dnowpref, lzcnt, ht, tsc, tscinvbit, bmi1, bmi2, adx

Memory: 4k page, physical 4107276k(294652k free), swap 7179276k(64k free)

vm_info: Java HotSpot(TM) 64-Bit Server VM (25.131-b11) for windows-amd64 JRE (1.8.0_131-b11), built on Mar 15 2017 01:23:53 by "java_re" with MS VC++ 10.0 (VS2010)

time: Fri Jan 15 02:20:52 2021
elapsed time: 13 seconds (0d 0h 0m 13s)

