#
# There is insufficient memory for the Java Runtime Environment to continue.
# Native memory allocation (malloc) failed to allocate 32744 bytes for ChunkPool::allocate
# Possible reasons:
#   The system is out of physical RAM or swap space
#   In 32 bit mode, the process size limit was hit
# Possible solutions:
#   Reduce memory load on the system
#   Increase physical memory or swap space
#   Check if swap backing store is full
#   Use 64 bit Java on a 64 bit OS
#   Decrease Java heap size (-Xmx/-Xms)
#   Decrease number of Java threads
#   Decrease Java thread stack sizes (-Xss)
#   Set larger code cache with -XX:ReservedCodeCacheSize=
# This output file may be truncated or incomplete.
#
#  Out of Memory Error (allocation.cpp:273), pid=15248, tid=0x0000000000005394
#
# JRE version: Java(TM) SE Runtime Environment (8.0_131-b11) (build 1.8.0_131-b11)
# Java VM: Java HotSpot(TM) 64-Bit Server VM (25.131-b11 mixed mode windows-amd64 compressed oops)
# Failed to write core dump. Minidumps are not enabled by default on client versions of Windows
#

---------------  T H R E A D  ---------------

Current thread (0x0000000003094800):  JavaThread "main" [_thread_in_vm, id=21396, stack(0x0000000002f20000,0x0000000003020000)]

Stack: [0x0000000002f20000,0x0000000003020000]
[error occurred during error reporting (printing stack bounds), id 0xc0000005]

Native frames: (J=compiled Java code, j=interpreted, Vv=VM code, C=native code)

Java frames: (J=compiled Java code, j=interpreted, Vv=VM code)
J 797  java.lang.ClassLoader.defineClass1(Ljava/lang/String;[BIILjava/security/ProtectionDomain;Ljava/lang/String;)Ljava/lang/Class; (0 bytes) @ 0x00000000033d0d5f [0x00000000033d0cc0+0x9f]
J 724 C1 java.lang.ClassLoader.defineClass(Ljava/lang/String;[BIILjava/security/ProtectionDomain;)Ljava/lang/Class; (43 bytes) @ 0x00000000033ad69c [0x00000000033ad5a0+0xfc]
J 727 C1 java.net.URLClassLoader.defineClass(Ljava/lang/String;Lsun/misc/Resource;)Ljava/lang/Class; (142 bytes) @ 0x00000000033afc4c [0x00000000033af280+0x9cc]
J 669 C1 java.net.URLClassLoader$1.run()Ljava/lang/Class; (63 bytes) @ 0x0000000003397b34 [0x0000000003397a80+0xb4]
J 668 C1 java.net.URLClassLoader$1.run()Ljava/lang/Object; (5 bytes) @ 0x0000000003397754 [0x0000000003397720+0x34]
v  ~StubRoutines::call_stub
J 541  java.security.AccessController.doPrivileged(Ljava/security/PrivilegedExceptionAction;Ljava/security/AccessControlContext;)Ljava/lang/Object; (0 bytes) @ 0x000000000335c826 [0x000000000335c7c0+0x66]
J 585 C1 java.net.URLClassLoader.findClass(Ljava/lang/String;)Ljava/lang/Class; (47 bytes) @ 0x00000000033726f4 [0x0000000003372640+0xb4]
J 499 C1 java.lang.ClassLoader.loadClass(Ljava/lang/String;Z)Ljava/lang/Class; (122 bytes) @ 0x000000000334f424 [0x000000000334f120+0x304]
J 572 C1 sun.misc.Launcher$AppClassLoader.loadClass(Ljava/lang/String;Z)Ljava/lang/Class; (85 bytes) @ 0x000000000336ccc4 [0x000000000336c9e0+0x2e4]
J 570 C1 java.lang.ClassLoader.loadClass(Ljava/lang/String;)Ljava/lang/Class; (7 bytes) @ 0x000000000336c6a4 [0x000000000336c660+0x44]
v  ~StubRoutines::call_stub
J 797  java.lang.ClassLoader.defineClass1(Ljava/lang/String;[BIILjava/security/ProtectionDomain;Ljava/lang/String;)Ljava/lang/Class; (0 bytes) @ 0x00000000033d0d5f [0x00000000033d0cc0+0x9f]
J 724 C1 java.lang.ClassLoader.defineClass(Ljava/lang/String;[BIILjava/security/ProtectionDomain;)Ljava/lang/Class; (43 bytes) @ 0x00000000033ad69c [0x00000000033ad5a0+0xfc]
J 727 C1 java.net.URLClassLoader.defineClass(Ljava/lang/String;Lsun/misc/Resource;)Ljava/lang/Class; (142 bytes) @ 0x00000000033afc4c [0x00000000033af280+0x9cc]
J 669 C1 java.net.URLClassLoader$1.run()Ljava/lang/Class; (63 bytes) @ 0x0000000003397b34 [0x0000000003397a80+0xb4]
J 668 C1 java.net.URLClassLoader$1.run()Ljava/lang/Object; (5 bytes) @ 0x0000000003397754 [0x0000000003397720+0x34]
v  ~StubRoutines::call_stub
J 541  java.security.AccessController.doPrivileged(Ljava/security/PrivilegedExceptionAction;Ljava/security/AccessControlContext;)Ljava/lang/Object; (0 bytes) @ 0x000000000335c826 [0x000000000335c7c0+0x66]
J 585 C1 java.net.URLClassLoader.findClass(Ljava/lang/String;)Ljava/lang/Class; (47 bytes) @ 0x00000000033726f4 [0x0000000003372640+0xb4]
J 499 C1 java.lang.ClassLoader.loadClass(Ljava/lang/String;Z)Ljava/lang/Class; (122 bytes) @ 0x000000000334f424 [0x000000000334f120+0x304]
J 572 C1 sun.misc.Launcher$AppClassLoader.loadClass(Ljava/lang/String;Z)Ljava/lang/Class; (85 bytes) @ 0x000000000336ccc4 [0x000000000336c9e0+0x2e4]
J 570 C1 java.lang.ClassLoader.loadClass(Ljava/lang/String;)Ljava/lang/Class; (7 bytes) @ 0x000000000336c6a4 [0x000000000336c660+0x44]
v  ~StubRoutines::call_stub
j  org.hibernate.metamodel.internal.MetamodelImpl.buildEntityType(Lorg/hibernate/mapping/PersistentClass;Lorg/hibernate/metamodel/internal/MetadataContext;)Lorg/hibernate/metamodel/model/domain/internal/EntityTypeImpl;+58
j  org.hibernate.metamodel.internal.MetamodelImpl.locateOrBuildEntityType(Lorg/hibernate/mapping/PersistentClass;Lorg/hibernate/metamodel/internal/MetadataContext;)Lorg/hibernate/metamodel/model/domain/spi/EntityTypeDescriptor;+12
j  org.hibernate.metamodel.internal.MetamodelImpl.initialize(Lorg/hibernate/boot/spi/MetadataImplementor;Lorg/hibernate/metamodel/internal/JpaMetaModelPopulationSetting;)V+833
j  org.hibernate.internal.SessionFactoryImpl.<init>(Lorg/hibernate/boot/spi/MetadataImplementor;Lorg/hibernate/boot/spi/SessionFactoryOptions;Lorg/hibernate/engine/query/spi/QueryPlanCache$QueryPlanCreator;)V+662
j  org.hibernate.boot.internal.SessionFactoryBuilderImpl.build()Lorg/hibernate/SessionFactory;+73
j  org.hibernate.jpa.boot.internal.EntityManagerFactoryBuilderImpl.build()Ljavax/persistence/EntityManagerFactory;+20
j  org.springframework.orm.jpa.vendor.SpringHibernateJpaPersistenceProvider.createContainerEntityManagerFactory(Ljavax/persistence/spi/PersistenceUnitInfo;Ljava/util/Map;)Ljavax/persistence/EntityManagerFactory;+55
j  org.springframework.orm.jpa.LocalContainerEntityManagerFactoryBean.createNativeEntityManagerFactory()Ljavax/persistence/EntityManagerFactory;+129
j  org.springframework.orm.jpa.AbstractEntityManagerFactoryBean.buildNativeEntityManagerFactory()Ljavax/persistence/EntityManagerFactory;+1
j  org.springframework.orm.jpa.AbstractEntityManagerFactoryBean.afterPropertiesSet()V+192
j  org.springframework.orm.jpa.LocalContainerEntityManagerFactoryBean.afterPropertiesSet()V+77
j  org.springframework.beans.factory.support.AbstractAutowireCapableBeanFactory.invokeInitMethods(Ljava/lang/String;Ljava/lang/Object;Lorg/springframework/beans/factory/support/RootBeanDefinition;)V+106
j  org.springframework.beans.factory.support.AbstractAutowireCapableBeanFactory.initializeBean(Ljava/lang/String;Ljava/lang/Object;Lorg/springframework/beans/factory/support/RootBeanDefinition;)Ljava/lang/Object;+59
j  org.springframework.beans.factory.support.AbstractAutowireCapableBeanFactory.doCreateBean(Ljava/lang/String;Lorg/springframework/beans/factory/support/RootBeanDefinition;[Ljava/lang/Object;)Ljava/lang/Object;+245
j  org.springframework.beans.factory.support.AbstractAutowireCapableBeanFactory.createBean(Ljava/lang/String;Lorg/springframework/beans/factory/support/RootBeanDefinition;[Ljava/lang/Object;)Ljava/lang/Object;+169
j  org.springframework.beans.factory.support.AbstractBeanFactory.lambda$doGetBean$0(Ljava/lang/String;Lorg/springframework/beans/factory/support/RootBeanDefinition;[Ljava/lang/Object;)Ljava/lang/Object;+4
j  org.springframework.beans.factory.support.AbstractBeanFactory$$Lambda$198.getObject()Ljava/lang/Object;+16
j  org.springframework.beans.factory.support.DefaultSingletonBeanRegistry.getSingleton(Ljava/lang/String;Lorg/springframework/beans/factory/ObjectFactory;)Ljava/lang/Object;+132
J 2101 C1 org.springframework.beans.factory.support.AbstractBeanFactory.doGetBean(Ljava/lang/String;Ljava/lang/Class;[Ljava/lang/Object;Z)Ljava/lang/Object; (952 bytes) @ 0x00000000035cd9ec [0x00000000035cd360+0x68c]
j  org.springframework.beans.factory.support.AbstractBeanFactory.getBean(Ljava/lang/String;)Ljava/lang/Object;+5
j  org.springframework.context.support.AbstractApplicationContext.getBean(Ljava/lang/String;)Ljava/lang/Object;+9
j  org.springframework.context.support.AbstractApplicationContext.finishBeanFactoryInitialization(Lorg/springframework/beans/factory/config/ConfigurableListableBeanFactory;)V+100
j  org.springframework.context.support.AbstractApplicationContext.refresh()V+86
j  org.springframework.boot.web.servlet.context.ServletWebServerApplicationContext.refresh()V+1
j  org.springframework.boot.SpringApplication.refresh(Lorg/springframework/context/ConfigurableApplicationContext;)V+1
j  org.springframework.boot.SpringApplication.refresh(Lorg/springframework/context/ApplicationContext;)V+12
j  org.springframework.boot.SpringApplication.refreshContext(Lorg/springframework/context/ConfigurableApplicationContext;)V+19
j  org.springframework.boot.SpringApplication.run([Ljava/lang/String;)Lorg/springframework/context/ConfigurableApplicationContext;+111
j  org.springframework.boot.SpringApplication.run([Ljava/lang/Class;[Ljava/lang/String;)Lorg/springframework/context/ConfigurableApplicationContext;+9
j  org.springframework.boot.SpringApplication.run(Ljava/lang/Class;[Ljava/lang/String;)Lorg/springframework/context/ConfigurableApplicationContext;+9
j  ph.intevalue.exam.exchange.rate.ExchangeRateInformationExamApplication.main([Ljava/lang/String;)V+3
v  ~StubRoutines::call_stub

---------------  P R O C E S S  ---------------

Java Threads: ( => current thread )
  0x0000000019c14000 JavaThread "HikariPool-1 connection adder" daemon [_thread_blocked, id=13392, stack(0x000000001b850000,0x000000001b950000)]
  0x00000000157b0000 JavaThread "HikariPool-1 housekeeper" daemon [_thread_blocked, id=17224, stack(0x000000001b750000,0x000000001b850000)]
  0x00000000157ad000 JavaThread "mysql-cj-abandoned-connection-cleanup" daemon [_thread_blocked, id=15476, stack(0x000000001ad50000,0x000000001ae50000)]
  0x00000000157b2000 JavaThread "container-0" [_thread_blocked, id=11828, stack(0x000000001ac50000,0x000000001ad50000)]
  0x00000000157ac000 JavaThread "Catalina-utility-2" [_thread_blocked, id=19936, stack(0x000000001ab50000,0x000000001ac50000)]
  0x00000000157af000 JavaThread "Catalina-utility-1" [_thread_blocked, id=10424, stack(0x000000001aa50000,0x000000001ab50000)]
  0x00000000157b1800 JavaThread "JMX server connection timeout 19" daemon [_thread_blocked, id=10452, stack(0x000000001a750000,0x000000001a850000)]
  0x00000000157ab800 JavaThread "RMI Scheduler(0)" daemon [_thread_blocked, id=12616, stack(0x000000001a650000,0x000000001a750000)]
  0x00000000157b0800 JavaThread "RMI TCP Connection(1)-127.0.0.1" daemon [_thread_in_native, id=5008, stack(0x0000000018b80000,0x0000000018c80000)]
  0x0000000017b0b000 JavaThread "RMI TCP Accept-0" daemon [_thread_in_native, id=5896, stack(0x0000000018340000,0x0000000018440000)]
  0x0000000017b07000 JavaThread "RMI TCP Accept-61116" daemon [_thread_in_native, id=12276, stack(0x0000000018240000,0x0000000018340000)]
  0x0000000017afa800 JavaThread "RMI TCP Accept-0" daemon [_thread_in_native, id=5128, stack(0x0000000018140000,0x0000000018240000)]
  0x0000000017138800 JavaThread "Service Thread" daemon [_thread_blocked, id=5284, stack(0x0000000017500000,0x0000000017600000)]
  0x00000000157ad800 JavaThread "C1 CompilerThread2" daemon [_thread_blocked, id=12560, stack(0x0000000017000000,0x0000000017100000)]
  0x00000000157ae800 JavaThread "C2 CompilerThread1" daemon [_thread_blocked, id=21376, stack(0x0000000016f00000,0x0000000017000000)]
  0x00000000157a6000 JavaThread "C2 CompilerThread0" daemon [_thread_blocked, id=11256, stack(0x0000000016e00000,0x0000000016f00000)]
  0x00000000157a4800 JavaThread "Attach Listener" daemon [_thread_blocked, id=17524, stack(0x0000000016d00000,0x0000000016e00000)]
  0x00000000157a1000 JavaThread "Signal Dispatcher" daemon [_thread_blocked, id=6956, stack(0x0000000016c00000,0x0000000016d00000)]
  0x000000001578a000 JavaThread "Finalizer" daemon [_thread_blocked, id=14532, stack(0x0000000016a00000,0x0000000016b00000)]
  0x0000000003184000 JavaThread "Reference Handler" daemon [_thread_blocked, id=17844, stack(0x0000000016900000,0x0000000016a00000)]
=>0x0000000003094800 JavaThread "main" [_thread_in_vm, id=21396, stack(0x0000000002f20000,0x0000000003020000)]

Other Threads:
  0x0000000015767800 VMThread [stack: 0x0000000016800000,0x0000000016900000] [id=4092]
  0x0000000017b0f000 WatcherThread [stack: 0x0000000018440000,0x0000000018540000] [id=21328]

VM state:not at safepoint (normal execution)

VM Mutex/Monitor currently owned by a thread: None

Heap:
 PSYoungGen      total 95744K, used 22881K [0x00000000eb180000, 0x00000000f1700000, 0x0000000100000000)
  eden space 87552K, 26% used [0x00000000eb180000,0x00000000ec7d8678,0x00000000f0700000)
  from space 8192K, 0% used [0x00000000f0700000,0x00000000f0700000,0x00000000f0f00000)
  to   space 7680K, 0% used [0x00000000f0f80000,0x00000000f0f80000,0x00000000f1700000)
 ParOldGen       total 51712K, used 16343K [0x00000000c1400000, 0x00000000c4680000, 0x00000000eb180000)
  object space 51712K, 31% used [0x00000000c1400000,0x00000000c23f5c00,0x00000000c4680000)
 Metaspace       used 40395K, capacity 42362K, committed 42664K, reserved 1091584K
  class space    used 5655K, capacity 6009K, committed 6056K, reserved 1048576K

Card table byte_map: [0x0000000012550000,0x0000000012750000] byte_map_base: 0x0000000011f46000

Marking Bits: (ParMarkBitMap*) 0x0000000051c0c720
 Begin Bits: [0x0000000012ca0000, 0x0000000013c50000)
 End Bits:   [0x0000000013c50000, 0x0000000014c00000)

Polling page: 0x0000000003020000

CodeCache: size=245760Kb used=6140Kb max_used=6140Kb free=239619Kb
 bounds [0x0000000003190000, 0x0000000003790000, 0x0000000012190000]
 total_blobs=3520 nmethods=3013 adapters=419
 compilation: enabled

Compilation events (10 events):
Event: 6.423 Thread 0x00000000157ad800 3010       1       net.bytebuddy.jar.asm.ByteVector::putShort (52 bytes)
Event: 6.423 Thread 0x00000000157ad800 nmethod 3010 0x000000000378d250 code [0x000000000378d3c0, 0x000000000378d588]
Event: 6.465 Thread 0x00000000157ad800 3013       1       jdk.internal.org.objectweb.asm.ClassWriter::addType (103 bytes)
Event: 6.465 Thread 0x00000000157ad800 nmethod 3013 0x000000000378dc90 code [0x000000000378de20, 0x000000000378e2a8]
Event: 6.476 Thread 0x00000000157ad800 3014       1       java.util.regex.Pattern$BranchConn::match (11 bytes)
Event: 6.476 Thread 0x00000000157ad800 nmethod 3014 0x000000000378e4d0 code [0x000000000378e620, 0x000000000378e768]
Event: 6.481 Thread 0x00000000157ad800 3015       1       java.util.regex.Pattern$Begin::match (62 bytes)
Event: 6.481 Thread 0x00000000157ad800 nmethod 3015 0x000000000378e7d0 code [0x000000000378e940, 0x000000000378eb28]
Event: 6.511 Thread 0x00000000157ad800 3016       1       sun.util.locale.BaseLocale::getVariant (5 bytes)
Event: 6.512 Thread 0x00000000157ad800 nmethod 3016 0x000000000378eed0 code [0x000000000378f020, 0x000000000378f130]

GC Heap History (10 events):
Event: 4.742 GC heap before
{Heap before GC invocations=10 (full 1):
 PSYoungGen      total 70144K, used 70141K [0x00000000eb180000, 0x00000000f2880000, 0x0000000100000000)
  eden space 64000K, 100% used [0x00000000eb180000,0x00000000ef000000,0x00000000ef000000)
  from space 6144K, 99% used [0x00000000ef780000,0x00000000efd7f768,0x00000000efd80000)
  to   space 7680K, 0% used [0x00000000ef000000,0x00000000ef000000,0x00000000ef780000)
 ParOldGen       total 33792K, used 9593K [0x00000000c1400000, 0x00000000c3500000, 0x00000000eb180000)
  object space 33792K, 28% used [0x00000000c1400000,0x00000000c1d5e7b0,0x00000000c3500000)
 Metaspace       used 29438K, capacity 31208K, committed 31360K, reserved 1077248K
  class space    used 4034K, capacity 4396K, committed 4480K, reserved 1048576K
Event: 4.756 GC heap after
Heap after GC invocations=10 (full 1):
 PSYoungGen      total 71680K, used 7676K [0x00000000eb180000, 0x00000000f1800000, 0x0000000100000000)
  eden space 64000K, 0% used [0x00000000eb180000,0x00000000eb180000,0x00000000ef000000)
  from space 7680K, 99% used [0x00000000ef000000,0x00000000ef77f0b0,0x00000000ef780000)
  to   space 8704K, 0% used [0x00000000f0f80000,0x00000000f0f80000,0x00000000f1800000)
 ParOldGen       total 33792K, used 9642K [0x00000000c1400000, 0x00000000c3500000, 0x00000000eb180000)
  object space 33792K, 28% used [0x00000000c1400000,0x00000000c1d6aae8,0x00000000c3500000)
 Metaspace       used 29438K, capacity 31208K, committed 31360K, reserved 1077248K
  class space    used 4034K, capacity 4396K, committed 4480K, reserved 1048576K
}
Event: 5.360 GC heap before
{Heap before GC invocations=11 (full 1):
 PSYoungGen      total 71680K, used 31562K [0x00000000eb180000, 0x00000000f1800000, 0x0000000100000000)
  eden space 64000K, 37% used [0x00000000eb180000,0x00000000ec8d3900,0x00000000ef000000)
  from space 7680K, 99% used [0x00000000ef000000,0x00000000ef77f0b0,0x00000000ef780000)
  to   space 8704K, 0% used [0x00000000f0f80000,0x00000000f0f80000,0x00000000f1800000)
 ParOldGen       total 33792K, used 9642K [0x00000000c1400000, 0x00000000c3500000, 0x00000000eb180000)
  object space 33792K, 28% used [0x00000000c1400000,0x00000000c1d6aae8,0x00000000c3500000)
 Metaspace       used 33485K, capacity 35452K, committed 35496K, reserved 1079296K
  class space    used 4631K, capacity 5020K, committed 5032K, reserved 1048576K
Event: 5.375 GC heap after
Heap after GC invocations=11 (full 1):
 PSYoungGen      total 95232K, used 5629K [0x00000000eb180000, 0x00000000f1700000, 0x0000000100000000)
  eden space 87552K, 0% used [0x00000000eb180000,0x00000000eb180000,0x00000000f0700000)
  from space 7680K, 73% used [0x00000000f0f80000,0x00000000f14ff778,0x00000000f1700000)
  to   space 8192K, 0% used [0x00000000f0700000,0x00000000f0700000,0x00000000f0f00000)
 ParOldGen       total 33792K, used 13011K [0x00000000c1400000, 0x00000000c3500000, 0x00000000eb180000)
  object space 33792K, 38% used [0x00000000c1400000,0x00000000c20b4ec8,0x00000000c3500000)
 Metaspace       used 33485K, capacity 35452K, committed 35496K, reserved 1079296K
  class space    used 4631K, capacity 5020K, committed 5032K, reserved 1048576K
}
Event: 5.375 GC heap before
{Heap before GC invocations=12 (full 2):
 PSYoungGen      total 95232K, used 5629K [0x00000000eb180000, 0x00000000f1700000, 0x0000000100000000)
  eden space 87552K, 0% used [0x00000000eb180000,0x00000000eb180000,0x00000000f0700000)
  from space 7680K, 73% used [0x00000000f0f80000,0x00000000f14ff778,0x00000000f1700000)
  to   space 8192K, 0% used [0x00000000f0700000,0x00000000f0700000,0x00000000f0f00000)
 ParOldGen       total 33792K, used 13011K [0x00000000c1400000, 0x00000000c3500000, 0x00000000eb180000)
  object space 33792K, 38% used [0x00000000c1400000,0x00000000c20b4ec8,0x00000000c3500000)
 Metaspace       used 33485K, capacity 35452K, committed 35496K, reserved 1079296K
  class space    used 4631K, capacity 5020K, committed 5032K, reserved 1048576K
Event: 5.444 GC heap after
Heap after GC invocations=12 (full 2):
 PSYoungGen      total 95232K, used 0K [0x00000000eb180000, 0x00000000f1700000, 0x0000000100000000)
  eden space 87552K, 0% used [0x00000000eb180000,0x00000000eb180000,0x00000000f0700000)
  from space 7680K, 0% used [0x00000000f0f80000,0x00000000f0f80000,0x00000000f1700000)
  to   space 8192K, 0% used [0x00000000f0700000,0x00000000f0700000,0x00000000f0f00000)
 ParOldGen       total 51712K, used 14537K [0x00000000c1400000, 0x00000000c4680000, 0x00000000eb180000)
  object space 51712K, 28% used [0x00000000c1400000,0x00000000c2232608,0x00000000c4680000)
 Metaspace       used 33485K, capacity 35452K, committed 35496K, reserved 1079296K
  class space    used 4631K, capacity 5020K, committed 5032K, reserved 1048576K
}
Event: 5.932 GC heap before
{Heap before GC invocations=13 (full 2):
 PSYoungGen      total 95232K, used 24633K [0x00000000eb180000, 0x00000000f1700000, 0x0000000100000000)
  eden space 87552K, 28% used [0x00000000eb180000,0x00000000ec98e418,0x00000000f0700000)
  from space 7680K, 0% used [0x00000000f0f80000,0x00000000f0f80000,0x00000000f1700000)
  to   space 8192K, 0% used [0x00000000f0700000,0x00000000f0700000,0x00000000f0f00000)
 ParOldGen       total 51712K, used 14537K [0x00000000c1400000, 0x00000000c4680000, 0x00000000eb180000)
  object space 51712K, 28% used [0x00000000c1400000,0x00000000c2232608,0x00000000c4680000)
 Metaspace       used 36934K, capacity 38876K, committed 39080K, reserved 1087488K
  class space    used 5072K, capacity 5450K, committed 5544K, reserved 1048576K
Event: 5.940 GC heap after
Heap after GC invocations=13 (full 2):
 PSYoungGen      total 95744K, used 4637K [0x00000000eb180000, 0x00000000f1700000, 0x0000000100000000)
  eden space 87552K, 0% used [0x00000000eb180000,0x00000000eb180000,0x00000000f0700000)
  from space 8192K, 56% used [0x00000000f0700000,0x00000000f0b87508,0x00000000f0f00000)
  to   space 7680K, 0% used [0x00000000f0f80000,0x00000000f0f80000,0x00000000f1700000)
 ParOldGen       total 51712K, used 14545K [0x00000000c1400000, 0x00000000c4680000, 0x00000000eb180000)
  object space 51712K, 28% used [0x00000000c1400000,0x00000000c2234608,0x00000000c4680000)
 Metaspace       used 36934K, capacity 38876K, committed 39080K, reserved 1087488K
  class space    used 5072K, capacity 5450K, committed 5544K, reserved 1048576K
}
Event: 5.940 GC heap before
{Heap before GC invocations=14 (full 3):
 PSYoungGen      total 95744K, used 4637K [0x00000000eb180000, 0x00000000f1700000, 0x0000000100000000)
  eden space 87552K, 0% used [0x00000000eb180000,0x00000000eb180000,0x00000000f0700000)
  from space 8192K, 56% used [0x00000000f0700000,0x00000000f0b87508,0x00000000f0f00000)
  to   space 7680K, 0% used [0x00000000f0f80000,0x00000000f0f80000,0x00000000f1700000)
 ParOldGen       total 51712K, used 14545K [0x00000000c1400000, 0x00000000c4680000, 0x00000000eb180000)
  object space 51712K, 28% used [0x00000000c1400000,0x00000000c2234608,0x00000000c4680000)
 Metaspace       used 36934K, capacity 38876K, committed 39080K, reserved 1087488K
  class space    used 5072K, capacity 5450K, committed 5544K, reserved 1048576K
Event: 6.140 GC heap after
Heap after GC invocations=14 (full 3):
 PSYoungGen      total 95744K, used 0K [0x00000000eb180000, 0x00000000f1700000, 0x0000000100000000)
  eden space 87552K, 0% used [0x00000000eb180000,0x00000000eb180000,0x00000000f0700000)
  from space 8192K, 0% used [0x00000000f0700000,0x00000000f0700000,0x00000000f0f00000)
  to   space 7680K, 0% used [0x00000000f0f80000,0x00000000f0f80000,0x00000000f1700000)
 ParOldGen       total 51712K, used 16343K [0x00000000c1400000, 0x00000000c4680000, 0x00000000eb180000)
  object space 51712K, 31% used [0x00000000c1400000,0x00000000c23f5c00,0x00000000c4680000)
 Metaspace       used 36934K, capacity 38876K, committed 39080K, reserved 1085440K
  class space    used 5072K, capacity 5450K, committed 5544K, reserved 1048576K
}

Deoptimization events (0 events):
No events

Internal exceptions (10 events):
Event: 4.345 Thread 0x0000000003094800 Exception <a 'java/lang/ArrayIndexOutOfBoundsException'> (0x00000000ed882f18) thrown at [C:\re\workspace\8-2-build-windows-amd64-cygwin\jdk8u131\8869\hotspot\src\share\vm\runtime\sharedRuntime.cpp, line 605]
Event: 4.359 Thread 0x0000000003094800 Exception <a 'java/lang/NoSuchMethodError': java.lang.Object.lambda$static$0(Ljava/lang/Object;)Ljava/lang/Object;> (0x00000000ed953ef8) thrown at [C:\re\workspace\8-2-build-windows-amd64-cygwin\jdk8u131\8869\hotspot\src\share\vm\interpreter\linkResolver.
Event: 4.392 Thread 0x0000000003094800 Exception <a 'java/lang/ArrayIndexOutOfBoundsException'> (0x00000000edcc8280) thrown at [C:\re\workspace\8-2-build-windows-amd64-cygwin\jdk8u131\8869\hotspot\src\share\vm\runtime\sharedRuntime.cpp, line 605]
Event: 4.402 Thread 0x0000000003094800 Exception <a 'java/lang/ArrayIndexOutOfBoundsException'> (0x00000000edd32170) thrown at [C:\re\workspace\8-2-build-windows-amd64-cygwin\jdk8u131\8869\hotspot\src\share\vm\runtime\sharedRuntime.cpp, line 605]
Event: 4.403 Thread 0x0000000003094800 Exception <a 'java/lang/ArrayIndexOutOfBoundsException'> (0x00000000edd48d58) thrown at [C:\re\workspace\8-2-build-windows-amd64-cygwin\jdk8u131\8869\hotspot\src\share\vm\runtime\sharedRuntime.cpp, line 605]
Event: 4.404 Thread 0x0000000003094800 Exception <a 'java/lang/ArrayIndexOutOfBoundsException'> (0x00000000edd5c940) thrown at [C:\re\workspace\8-2-build-windows-amd64-cygwin\jdk8u131\8869\hotspot\src\share\vm\runtime\sharedRuntime.cpp, line 605]
Event: 4.412 Thread 0x0000000003094800 Exception <a 'java/lang/ArrayIndexOutOfBoundsException'> (0x00000000eddc17c0) thrown at [C:\re\workspace\8-2-build-windows-amd64-cygwin\jdk8u131\8869\hotspot\src\share\vm\runtime\sharedRuntime.cpp, line 605]
Event: 4.412 Thread 0x0000000003094800 Exception <a 'java/lang/ArrayIndexOutOfBoundsException'> (0x00000000eddc3188) thrown at [C:\re\workspace\8-2-build-windows-amd64-cygwin\jdk8u131\8869\hotspot\src\share\vm\runtime\sharedRuntime.cpp, line 605]
Event: 6.313 Thread 0x0000000003094800 Exception <a 'java/lang/ArrayIndexOutOfBoundsException'> (0x00000000eba950c0) thrown at [C:\re\workspace\8-2-build-windows-amd64-cygwin\jdk8u131\8869\hotspot\src\share\vm\runtime\sharedRuntime.cpp, line 605]
Event: 6.465 Thread 0x0000000003094800 Exception <a 'java/lang/NoSuchMethodError': java.lang.Object.lambda$static$0(Lorg/hibernate/loader/plan/spi/LoadPlan;Lorg/hibernate/loader/plan/exec/spi/AliasResolutionContext;Lorg/hibernate/loader/plan/exec/process/spi/ReaderCollector;ZZ)Lorg/hibernate/l

Events (10 events):
Event: 6.520 loading class javax/persistence/metamodel/Bindable
Event: 6.520 loading class javax/persistence/metamodel/Bindable done
Event: 6.520 loading class org/hibernate/metamodel/model/domain/spi/IdentifiableTypeDescriptor
Event: 6.520 loading class org/hibernate/metamodel/model/domain/spi/IdentifiableTypeDescriptor done
Event: 6.520 loading class org/hibernate/metamodel/model/domain/spi/ManagedTypeDescriptor
Event: 6.520 loading class org/hibernate/metamodel/model/domain/spi/ManagedTypeDescriptor done
Event: 6.521 loading class org/hibernate/metamodel/model/domain/spi/SimpleTypeDescriptor
Event: 6.521 loading class org/hibernate/metamodel/model/domain/spi/SimpleTypeDescriptor done
Event: 6.521 loading class org/hibernate/metamodel/model/domain/spi/DomainTypeDescriptor
Event: 6.521 loading class org/hibernate/metamodel/model/domain/spi/DomainTypeDescriptor done


Dynamic libraries:
0x00007ff74d2f0000 - 0x00007ff74d327000 	C:\Program Files\Java\jdk1.8.0_131\bin\javaw.exe
0x00007ffe5abf0000 - 0x00007ffe5ade6000 	C:\WINDOWS\SYSTEM32\ntdll.dll
0x00007ffe58c50000 - 0x00007ffe58d0d000 	C:\WINDOWS\System32\KERNEL32.DLL
0x00007ffe58720000 - 0x00007ffe589e9000 	C:\WINDOWS\System32\KERNELBASE.dll
0x00007ffe59a70000 - 0x00007ffe59b1c000 	C:\WINDOWS\System32\ADVAPI32.dll
0x00007ffe59dd0000 - 0x00007ffe59e6e000 	C:\WINDOWS\System32\msvcrt.dll
0x00007ffe599c0000 - 0x00007ffe59a5c000 	C:\WINDOWS\System32\sechost.dll
0x00007ffe59ca0000 - 0x00007ffe59dcb000 	C:\WINDOWS\System32\RPCRT4.dll
0x00007ffe59810000 - 0x00007ffe599b0000 	C:\WINDOWS\System32\USER32.dll
0x00007ffe585c0000 - 0x00007ffe585e2000 	C:\WINDOWS\System32\win32u.dll
0x00007ffe59370000 - 0x00007ffe5939a000 	C:\WINDOWS\System32\GDI32.dll
0x00007ffe58330000 - 0x00007ffe58439000 	C:\WINDOWS\System32\gdi32full.dll
0x00007ffe58bb0000 - 0x00007ffe58c4d000 	C:\WINDOWS\System32\msvcp_win.dll
0x00007ffe585f0000 - 0x00007ffe586f0000 	C:\WINDOWS\System32\ucrtbase.dll
0x00007ffe46420000 - 0x00007ffe466bb000 	C:\WINDOWS\WinSxS\amd64_microsoft.windows.common-controls_6595b64144ccf1df_6.0.19041.488_none_ca04af081b815d21\COMCTL32.dll
0x00007ffe59710000 - 0x00007ffe59740000 	C:\WINDOWS\System32\IMM32.DLL
0x0000000051310000 - 0x00000000513e2000 	C:\Program Files\Java\jdk1.8.0_131\jre\bin\msvcr100.dll
0x00000000513f0000 - 0x0000000051c8c000 	C:\Program Files\Java\jdk1.8.0_131\jre\bin\server\jvm.dll
0x00007ffe59a60000 - 0x00007ffe59a68000 	C:\WINDOWS\System32\PSAPI.DLL
0x00007ffe485d0000 - 0x00007ffe485f7000 	C:\WINDOWS\SYSTEM32\WINMM.dll
0x00007ffe56af0000 - 0x00007ffe56af9000 	C:\WINDOWS\SYSTEM32\WSOCK32.dll
0x00007ffe4b7e0000 - 0x00007ffe4b7ea000 	C:\WINDOWS\SYSTEM32\VERSION.dll
0x00007ffe59460000 - 0x00007ffe594cb000 	C:\WINDOWS\System32\WS2_32.dll
0x00000000524e0000 - 0x00000000524ef000 	C:\Program Files\Java\jdk1.8.0_131\jre\bin\verify.dll
0x00000000524b0000 - 0x00000000524d9000 	C:\Program Files\Java\jdk1.8.0_131\jre\bin\java.dll
0x0000000052460000 - 0x0000000052476000 	C:\Program Files\Java\jdk1.8.0_131\jre\bin\zip.dll
0x00007ffe59f50000 - 0x00007ffe5a692000 	C:\WINDOWS\System32\SHELL32.dll
0x00007ffe56330000 - 0x00007ffe56ac5000 	C:\WINDOWS\SYSTEM32\windows.storage.dll
0x00007ffe5a780000 - 0x00007ffe5aad6000 	C:\WINDOWS\System32\combase.dll
0x00007ffe57da0000 - 0x00007ffe57dcc000 	C:\WINDOWS\SYSTEM32\Wldp.dll
0x00007ffe593a0000 - 0x00007ffe5944e000 	C:\WINDOWS\System32\SHCORE.dll
0x00007ffe59310000 - 0x00007ffe59365000 	C:\WINDOWS\System32\shlwapi.dll
0x00007ffe58260000 - 0x00007ffe58286000 	C:\WINDOWS\SYSTEM32\profapi.dll
0x00000000523d0000 - 0x00000000523dd000 	C:\Program Files\Java\jdk1.8.0_131\jre\bin\management.dll
0x0000000052440000 - 0x000000005245a000 	C:\Program Files\Java\jdk1.8.0_131\jre\bin\net.dll
0x00007ffe57b20000 - 0x00007ffe57b8a000 	C:\WINDOWS\system32\mswsock.dll
0x0000000052420000 - 0x0000000052431000 	C:\Program Files\Java\jdk1.8.0_131\jre\bin\nio.dll
0x00007ffe44e80000 - 0x00007ffe44e97000 	C:\WINDOWS\system32\napinsp.dll
0x00007ffe44ea0000 - 0x00007ffe44ebb000 	C:\WINDOWS\system32\pnrpnsp.dll
0x00007ffe52460000 - 0x00007ffe52475000 	C:\WINDOWS\system32\wshbth.dll
0x00007ffe54410000 - 0x00007ffe5442d000 	C:\WINDOWS\system32\NLAapi.dll
0x00007ffe577c0000 - 0x00007ffe577fb000 	C:\WINDOWS\SYSTEM32\IPHLPAPI.DLL
0x00007ffe57850000 - 0x00007ffe5791b000 	C:\WINDOWS\SYSTEM32\DNSAPI.dll
0x00007ffe59450000 - 0x00007ffe59458000 	C:\WINDOWS\System32\NSI.dll
0x00007ffe46760000 - 0x00007ffe46772000 	C:\WINDOWS\System32\winrnr.dll
0x00007ffe4b7d0000 - 0x00007ffe4b7da000 	C:\Windows\System32\rasadhlp.dll
0x00007ffe4b4a0000 - 0x00007ffe4b51f000 	C:\WINDOWS\System32\fwpuclnt.dll
0x00007ffe586f0000 - 0x00007ffe58717000 	C:\WINDOWS\System32\bcrypt.dll
0x00007ffe57cf0000 - 0x00007ffe57d08000 	C:\WINDOWS\SYSTEM32\CRYPTSP.dll
0x00007ffe57440000 - 0x00007ffe57474000 	C:\WINDOWS\system32\rsaenh.dll
0x00007ffe581e0000 - 0x00007ffe5820e000 	C:\WINDOWS\SYSTEM32\USERENV.dll
0x00007ffe58490000 - 0x00007ffe58510000 	C:\WINDOWS\System32\bcryptprimitives.dll
0x00007ffe57d10000 - 0x00007ffe57d1c000 	C:\WINDOWS\SYSTEM32\CRYPTBASE.dll
0x00007ffe55000000 - 0x00007ffe55017000 	C:\WINDOWS\SYSTEM32\dhcpcsvc6.DLL
0x00007ffe54fe0000 - 0x00007ffe54ffd000 	C:\WINDOWS\SYSTEM32\dhcpcsvc.DLL
0x00000000523f0000 - 0x0000000052414000 	C:\Program Files\Java\jdk1.8.0_131\jre\bin\sunec.dll
0x00000000523e0000 - 0x00000000523eb000 	C:\Program Files\Java\jdk1.8.0_131\jre\bin\sunmscapi.dll
0x00007ffe589f0000 - 0x00007ffe58b4d000 	C:\WINDOWS\System32\CRYPT32.dll

VM Arguments:
jvm_args: -Dcom.sun.management.jmxremote -Dcom.sun.management.jmxremote.port=61116 -Dcom.sun.management.jmxremote.authenticate=false -Dcom.sun.management.jmxremote.ssl=false -Djava.rmi.server.hostname=localhost -Dspring.jmx.enabled=true -Dspring.application.admin.enabled=true -Xverify:none -XX:TieredStopAtLevel=1 -Dfile.encoding=UTF-8 
java_command: ph.intevalue.exam.exchange.rate.ExchangeRateInformationExamApplication --spring.output.ansi.enabled=always
java_class_path (initial): C:\Users\Al\Documents\workspace-spring-tool-suite-4-4.3.2.RELEASE\exchange-rate-information-exam\target\classes;C:\Users\Al\.m2\repository\org\springframework\boot\spring-boot-starter-data-jpa\2.4.1\spring-boot-starter-data-jpa-2.4.1.jar;C:\Users\Al\.m2\repository\org\springframework\boot\spring-boot-starter-aop\2.4.1\spring-boot-starter-aop-2.4.1.jar;C:\Users\Al\.m2\repository\org\springframework\spring-aop\5.3.2\spring-aop-5.3.2.jar;C:\Users\Al\.m2\repository\org\aspectj\aspectjweaver\1.9.6\aspectjweaver-1.9.6.jar;C:\Users\Al\.m2\repository\org\springframework\boot\spring-boot-starter-jdbc\2.4.1\spring-boot-starter-jdbc-2.4.1.jar;C:\Users\Al\.m2\repository\com\zaxxer\HikariCP\3.4.5\HikariCP-3.4.5.jar;C:\Users\Al\.m2\repository\org\springframework\spring-jdbc\5.3.2\spring-jdbc-5.3.2.jar;C:\Users\Al\.m2\repository\jakarta\transaction\jakarta.transaction-api\1.3.3\jakarta.transaction-api-1.3.3.jar;C:\Users\Al\.m2\repository\jakarta\persistence\jakarta.persistence-api\2.2.3\jakarta.persistence-api-2.2.3.jar;C:\Users\Al\.m2\repository\org\hibernate\hibernate-core\5.4.25.Final\hibernate-core-5.4.25.Final.jar;C:\Users\Al\.m2\repository\org\jboss\logging\jboss-logging\3.4.1.Final\jboss-logging-3.4.1.Final.jar;C:\Users\Al\.m2\repository\org\javassist\javassist\3.27.0-GA\javassist-3.27.0-GA.jar;C:\Users\Al\.m2\repository\net\bytebuddy\byte-buddy\1.10.18\byte-buddy-1.10.18.jar;C:\Users\Al\.m2\repository\antlr\antlr\2.7.7\antlr-2.7.7.jar;C:\Users\Al\.m2\repository\org\jboss\jandex\2.1.3.Final\jandex-2.1.3.Final.jar;C:\Users\Al\.m2\repository\com\fasterxml\classmate\1.5.1\classmate-1.5.1.jar;C:\Users\Al\.m2\repository\org\dom4j\dom4j\2.1.3\dom4j-2.1.3.jar;C:\Users\Al\.m2\repository\org\hibernate\common\hibernate-commons-annotations\5.1.2.Final\hibernate-commons-annotations-5.1.2.Final.jar;C:\Users\Al\.m2\repository\org\glassfish\jaxb\jaxb-runtime\2.3.3\jaxb-runtime-2.3.3.jar;C:\Users\Al\.m2\repository\org\glassfish\jaxb\txw2\2.3.3\txw2-2.3.3.jar;C:
Launcher Type: SUN_STANDARD

Environment Variables:
JAVA_HOME=C:\Program Files\Java\jdk1.8.0_131
CLASSPATH=.
PATH=C:/Program Files/Java/jdk1.8.0_131/bin/../jre/bin/server;C:/Program Files/Java/jdk1.8.0_131/bin/../jre/bin;C:/Program Files/Java/jdk1.8.0_131/bin/../jre/lib/amd64;C:\Program Files (x86)\Razer Chroma SDK\bin;C:\Program Files\Razer Chroma SDK\bin;C:\Program Files (x86)\Intel\iCLS Client\;C:\Program Files\Intel\iCLS Client\;C:\windows\system32;C:\windows;C:\windows\System32\Wbem;C:\windows\System32\WindowsPowerShell\v1.0\;C:\Program Files (x86)\Intel\Intel(R) Management Engine Components\DAL;C:\Program Files\Intel\Intel(R) Management Engine Components\DAL;C:\Program Files (x86)\Intel\Intel(R) Management Engine Components\IPT;C:\Program Files\Intel\Intel(R) Management Engine Components\IPT;C:\Program Files\Java\jdk1.8.0_131\bin;c:\Program Files (x86)\Microsoft SQL Server\110\Tools\Binn\;c:\Program Files\Microsoft SQL Server\110\Tools\Binn\;c:\Program Files\Microsoft SQL Server\110\DTS\Binn\;c:\Program Files (x86)\Microsoft SQL Server\110\Tools\Binn\ManagementStudio\;c:\Program Files (x86)\Microsoft SQL Server\110\DTS\Binn\;C:\Program Files (x86)\Windows Kits\8.1\Windows Performance Toolkit\;C:\xampp\mysql\bin;C:\WINDOWS\system32;C:\WINDOWS;C:\WINDOWS\System32\Wbem;C:\WINDOWS\System32\WindowsPowerShell\v1.0\;C:\WINDOWS\System32\OpenSSH\;C:\Program Files\Git\cmd;C:\Users\Al\AppData\Local\Microsoft\WindowsApps;;C:\Users\Al\Documents\sts-4.3.2.RELEASE;
USERNAME=Al
OS=Windows_NT
PROCESSOR_IDENTIFIER=Intel64 Family 6 Model 61 Stepping 4, GenuineIntel



---------------  S Y S T E M  ---------------

OS: Windows 10.0 , 64 bit Build 19041 (10.0.19041.662)

CPU:total 4 (initial active 4) (2 cores per cpu, 2 threads per core) family 6 model 61 stepping 4, cmov, cx8, fxsr, mmx, sse, sse2, sse3, ssse3, sse4.1, sse4.2, popcnt, avx, avx2, aes, clmul, erms, 3dnowpref, lzcnt, ht, tsc, tscinvbit, bmi1, bmi2, adx

Memory: 4k page, physical 4107276k(361536k free), swap 7179276k(3712k free)

vm_info: Java HotSpot(TM) 64-Bit Server VM (25.131-b11) for windows-amd64 JRE (1.8.0_131-b11), built on Mar 15 2017 01:23:53 by "java_re" with MS VC++ 10.0 (VS2010)

time: Fri Jan 15 00:45:30 2021
elapsed time: 6 seconds (0d 0h 0m 6s)

